\BOOKMARK [0][-]{chapter*.2}{\376\377\000K\000i\000v\000o\000n\000a\000t}{}% 1
\BOOKMARK [0][-]{chapter*.3}{\376\377\000A\000b\000s\000t\000r\000a\000c\000t}{}% 2
\BOOKMARK [0][-]{chapter.1}{\376\377\000B\000e\000v\000e\000z\000e\000t\000\351\000s}{}% 3
\BOOKMARK [0][-]{chapter.2}{\376\377\000O\000p\000t\000i\000m\000a\000l\000i\000z\000\341\000c\000i\000\363\000s\000\040\000t\000e\000c\000h\000n\000i\000k\000\341\000k}{}% 4
\BOOKMARK [1][-]{section.2.1}{\376\377\000L\000i\000n\000e\000\341\000r\000i\000s\000\040\000p\000r\000o\000g\000r\000a\000m\000o\000z\000\341\000s}{chapter.2}% 5
\BOOKMARK [1][-]{section.2.2}{\376\377\000K\000v\000a\000d\000r\000a\000t\000i\000k\000u\000s\000\040\000p\000r\000o\000g\000r\000a\000m\000o\000z\000\341\000s}{chapter.2}% 6
\BOOKMARK [1][-]{section.2.3}{\376\377\000K\000o\000r\000l\000\341\000t\000o\000l\000t\000\040\000i\000l\000l\000e\000t\000v\000e\000\040\000k\000o\000r\000l\000\341\000t\000m\000e\000n\000t\000e\000s\000\040\000p\000r\000o\000g\000r\000a\000m\000o\000z\000\341\000s}{chapter.2}% 7
\BOOKMARK [0][-]{chapter.3}{\376\377\000V\000\341\000g\000\341\000s\000o\000k}{}% 8
\BOOKMARK [1][-]{subsection.3.0.1}{\376\377\000J\000e\000l\000\366\000l\000\351\000s\000e\000k}{chapter.3}% 9
\BOOKMARK [1][-]{section.3.1}{\376\377\000M\000i\000n\000i\000m\000\341\000l\000i\000s\000\040\000v\000\341\000g\000\341\000s}{chapter.3}% 10
\BOOKMARK [2][-]{subsection.3.1.1}{\376\377\000K\000o\000m\000b\000i\000n\000a\000t\000o\000r\000i\000k\000u\000s\000\040\000m\000e\000g\000o\000l\000d\000\341\000s\000s\000a\000l}{section.3.1}% 11
\BOOKMARK [2][-]{subsection.3.1.2}{\376\377\000L\000i\000n\000e\000\341\000r\000i\000s\000\040\000p\000r\000o\000g\000r\000a\000m\000o\000z\000\341\000s\000s\000a\000l}{section.3.1}% 12
\BOOKMARK [2][-]{subsection.3.1.3}{\376\377\000Q\000U\000B\000O}{section.3.1}% 13
\BOOKMARK [1][-]{section.3.2}{\376\377\000M\000a\000x\000i\000m\000\341\000l\000i\000s\000\040\000v\000\341\000g\000\341\000s}{chapter.3}% 14
\BOOKMARK [2][-]{subsection.3.2.1}{\376\377\000K\000o\000m\000b\000i\000n\000a\000t\000o\000r\000i\000k\000u\000s\000\040\000m\000e\000g\000o\000l\000d\000\341\000s}{section.3.2}% 15
\BOOKMARK [2][-]{subsection.3.2.2}{\376\377\000L\000i\000n\000e\000\341\000r\000i\000s\000\040\000p\000r\000o\000g\000r\000a\000m\000o\000z\000\341\000s\000s\000a\000l}{section.3.2}% 16
\BOOKMARK [2][-]{subsection.3.2.3}{\376\377\000Q\000U\000B\000O}{section.3.2}% 17
\BOOKMARK [1][-]{section.3.3}{\376\377\000M\000a\000x\000i\000m\000\341\000l\000i\000s\000\040\000K\000-\000v\000\341\000g\000\341\000s}{chapter.3}% 18
\BOOKMARK [2][-]{subsection.3.3.1}{\376\377\000L\000i\000n\000e\000\341\000r\000i\000s\000\040\000p\000r\000o\000g\000r\000a\000m\000o\000z\000\341\000s\000s\000a\000l}{section.3.3}% 19
\BOOKMARK [2][-]{subsection.3.3.2}{\376\377\000Q\000U\000B\000O\000-\000v\000a\000l}{section.3.3}% 20
\BOOKMARK [3][-]{subsubsection.3.3.2.1}{\376\377\000O\000n\000e\000-\000h\000o\000t\000\040\000e\000n\000c\000o\000d\000i\000n\000g}{subsection.3.3.2}% 21
\BOOKMARK [3][-]{subsubsection.3.3.2.2}{\376\377\000B\000i\000n\000a\000r\000y\000\040\000e\000n\000c\000o\000d\000i\000n\000g}{subsection.3.3.2}% 22
\BOOKMARK [3][-]{subsubsection.3.3.2.3}{\376\377\000L\000o\000g\000i\000k\000a\000i\000\040\000k\000a\000p\000u\000k\000\040\000m\000e\000g\000v\000a\000l\000\363\000s\000\355\000t\000\341\000s\000a}{subsection.3.3.2}% 23
\BOOKMARK [0][-]{chapter.4}{\376\377\000G\000y\000a\000k\000o\000r\000l\000a\000t\000i\000\040\000e\000r\000e\000d\000m\000\351\000n\000y\000e\000k}{}% 24
\BOOKMARK [1][-]{section.4.1}{\376\377\000Q\000U\000B\000O\000-\000k\000\040\000m\000e\000g\000o\000l\000d\000\341\000s\000a}{chapter.4}% 25
\BOOKMARK [1][-]{section.4.2}{\376\377\000G\000r\000\341\000f\000\040\000g\000e\000n\000e\000r\000\341\000l\000\341\000s\000a}{chapter.4}% 26
\BOOKMARK [1][-]{section.4.3}{\376\377\000M\000i\000n\000i\000m\000\341\000l\000i\000s\000\040\000v\000\341\000g\000\341\000s}{chapter.4}% 27
\BOOKMARK [2][-]{subsection.4.3.1}{\376\377\000K\000l\000a\000s\000s\000z\000i\000k\000u\000s}{section.4.3}% 28
\BOOKMARK [2][-]{subsection.4.3.2}{\376\377\000Q\000U\000B\000O}{section.4.3}% 29
\BOOKMARK [1][-]{section.4.4}{\376\377\000M\000a\000x\000i\000m\000\341\000l\000i\000s\000\040\000v\000\341\000g\000\341\000s}{chapter.4}% 30
\BOOKMARK [1][-]{section.4.5}{\376\377\000M\000a\000x\000i\000m\000\341\000l\000i\000s\000\040\000K\000-\000v\000\341\000g\000\341\000s}{chapter.4}% 31
\BOOKMARK [0][-]{table.caption.5}{\376\377\000I\000r\000o\000d\000a\000l\000o\000m\000j\000e\000g\000y\000z\000\351\000k}{}% 32
