This is XeTeX, Version 3.141592653-2.6-0.999993 (MiKTeX 21.6) (preloaded format=xelatex 2021.7.12)  9 DEC 2021 11:57
entering extended mode
**./thesis.tex
(thesis.tex
LaTeX2e <2021-06-01>
L3 programming layer <2021-06-01>
(C:\Users\zalavari\AppData\Local\Programs\MiKTeX\tex/latex/base\report.cls
Document Class: report 2021/02/12 v1.4n Standard LaTeX document class
(C:\Users\zalavari\AppData\Local\Programs\MiKTeX\tex/latex/base\size11.clo
File: size11.clo 2021/02/12 v1.4n Standard LaTeX file (size option)
)
\c@part=\count178
\c@chapter=\count179
\c@section=\count180
\c@subsection=\count181
\c@subsubsection=\count182
\c@paragraph=\count183
\c@subparagraph=\count184
\c@figure=\count185
\c@table=\count186
\abovecaptionskip=\skip47
\belowcaptionskip=\skip48
\bibindent=\dimen138
)
(include/packages.tex
(C:\Users\zalavari\AppData\Local\Programs\MiKTeX\tex/generic/iftex\ifxetex.sty
Package: ifxetex 2019/10/25 v0.7 ifxetex legacy package. Use iftex instead.

(C:\Users\zalavari\AppData\Local\Programs\MiKTeX\tex/generic/iftex\iftex.sty
Package: iftex 2020/03/06 v1.0d TeX engine tests
))
(C:\Users\zalavari\AppData\Local\Programs\MiKTeX\tex/generic/iftex\ifluatex.sty
Package: ifluatex 2019/10/25 v1.5 ifluatex legacy package. Use iftex instead.
)
(C:\Users\zalavari\AppData\Local\Programs\MiKTeX\tex/latex/fontspec\fontspec.st
y
(C:\Users\zalavari\AppData\Local\Programs\MiKTeX\tex/latex/l3packages/xparse\xp
arse.sty
(C:\Users\zalavari\AppData\Local\Programs\MiKTeX\tex/latex/l3kernel\expl3.sty
Package: expl3 2021-06-01 L3 programming layer (loader) 

(C:\Users\zalavari\AppData\Local\Programs\MiKTeX\tex/latex/l3backend\l3backend-
xetex.def
File: l3backend-xetex.def 2021-05-07 L3 backend support: XeTeX
 ()
\c__kernel_sys_dvipdfmx_version_int=\count187
\l__color_backend_stack_int=\count188
\g__color_backend_stack_int=\count189
\g__graphics_track_int=\count190
\l__pdf_internal_box=\box50
\g__pdf_backend_object_int=\count191
\g__pdf_backend_annotation_int=\count192
\g__pdf_backend_link_int=\count193
))
Package: xparse 2021-06-01 L3 Experimental document command parser
)
Package: fontspec 2020/02/21 v2.7i Font selection for XeLaTeX and LuaLaTeX

(C:\Users\zalavari\AppData\Local\Programs\MiKTeX\tex/latex/fontspec\fontspec-xe
tex.sty
Package: fontspec-xetex 2020/02/21 v2.7i Font selection for XeLaTeX and LuaLaTe
X
\l__fontspec_script_int=\count194
\l__fontspec_language_int=\count195
\l__fontspec_strnum_int=\count196
\l__fontspec_tmp_int=\count197
\l__fontspec_tmpa_int=\count198
\l__fontspec_tmpb_int=\count199
\l__fontspec_tmpc_int=\count266
\l__fontspec_em_int=\count267
\l__fontspec_emdef_int=\count268
\l__fontspec_strong_int=\count269
\l__fontspec_strongdef_int=\count270
\l__fontspec_tmpa_dim=\dimen139
\l__fontspec_tmpb_dim=\dimen140
\l__fontspec_tmpc_dim=\dimen141

(C:\Users\zalavari\AppData\Local\Programs\MiKTeX\tex/latex/base\fontenc.sty
Package: fontenc 2021/04/29 v2.0v Standard LaTeX package
)
(C:\Users\zalavari\AppData\Local\Programs\MiKTeX\tex/latex/fontspec\fontspec.cf
g)))
(C:\Users\zalavari\AppData\Local\Programs\MiKTeX\tex/generic/babel\babel.sty
Package: babel 2021/06/02 3.60 The Babel package

(C:\Users\zalavari\AppData\Local\Programs\MiKTeX\tex/generic/babel\babel.def
File: babel.def 2021/06/02 3.60 Babel common definitions
\babel@savecnt=\count271
\U@D=\dimen142
\l@unhyphenated=\language79

(C:\Users\zalavari\AppData\Local\Programs\MiKTeX\tex/generic/babel\xebabel.def
(C:\Users\zalavari\AppData\Local\Programs\MiKTeX\tex/generic/babel\txtbabel.def
))
\bbl@readstream=\read2
)
\bbl@dirlevel=\count272

*************************************
* Local config file bblopts.cfg used
*
(C:\Users\zalavari\AppData\Local\Programs\MiKTeX\tex/latex/arabi\bblopts.cfg
File: bblopts.cfg 2005/09/08 v0.1 add Arabic and Farsi to "declared" options of
 babel
)
(C:\Users\zalavari\AppData\Local\Programs\MiKTeX\tex/latex/babel-english\englis
h.ldf
Language: english 2017/06/06 v3.3r English support from the babel system
Package babel Info: Hyphen rules for 'canadian' set to \l@english
(babel)             (\language0). Reported on input line 102.
Package babel Info: Hyphen rules for 'australian' set to \l@ukenglish
(babel)             (\language73). Reported on input line 105.
Package babel Info: Hyphen rules for 'newzealand' set to \l@ukenglish
(babel)             (\language73). Reported on input line 108.
) (magyar.ldf
Invalid UTF-8 byte or sequence at line 61 replaced by U+FFFD.
Invalid UTF-8 byte or sequence at line 61 replaced by U+FFFD.
Language: magyar 2015/11/24 v1.5c Magyar support from the babel v3.7 system
Invalid UTF-8 byte or sequence at line 162 replaced by U+FFFD.
Invalid UTF-8 byte or sequence at line 1312 replaced by U+FFFD.
Invalid UTF-8 byte or sequence at line 1312 replaced by U+FFFD.
Invalid UTF-8 byte or sequence at line 1312 replaced by U+FFFD.
Invalid UTF-8 byte or sequence at line 1379 replaced by U+FFFD.
Invalid UTF-8 byte or sequence at line 1379 replaced by U+FFFD.
Invalid UTF-8 byte or sequence at line 1379 replaced by U+FFFD.
Invalid UTF-8 byte or sequence at line 1444 replaced by U+FFFD.
Invalid UTF-8 byte or sequence at line 1599 replaced by U+FFFD.
Invalid UTF-8 byte or sequence at line 1599 replaced by U+FFFD.
Invalid UTF-8 byte or sequence at line 1599 replaced by U+FFFD.
Invalid UTF-8 byte or sequence at line 1599 replaced by U+FFFD.
Invalid UTF-8 byte or sequence at line 1616 replaced by U+FFFD.
Invalid UTF-8 byte or sequence at line 1616 replaced by U+FFFD.
Invalid UTF-8 byte or sequence at line 1687 replaced by U+FFFD.
Invalid UTF-8 byte or sequence at line 1804 replaced by U+FFFD.
Invalid UTF-8 byte or sequence at line 1845 replaced by U+FFFD.
Invalid UTF-8 byte or sequence at line 1845 replaced by U+FFFD.
Invalid UTF-8 byte or sequence at line 1848 replaced by U+FFFD.
Invalid UTF-8 byte or sequence at line 1848 replaced by U+FFFD.
Invalid UTF-8 byte or sequence at line 1848 replaced by U+FFFD.
Invalid UTF-8 byte or sequence at line 1848 replaced by U+FFFD.
Package babel Info: Making ` an active character on input line 2735.
Invalid UTF-8 byte or sequence at line 2751 replaced by U+FFFD.
Invalid UTF-8 byte or sequence at line 2751 replaced by U+FFFD.
Invalid UTF-8 byte or sequence at line 2757 replaced by U+FFFD.
Invalid UTF-8 byte or sequence at line 2757 replaced by U+FFFD.
Invalid UTF-8 byte or sequence at line 2758 replaced by U+FFFD.
Invalid UTF-8 byte or sequence at line 2758 replaced by U+FFFD.
Invalid UTF-8 byte or sequence at line 2758 replaced by U+FFFD.
Invalid UTF-8 byte or sequence at line 2762 replaced by U+FFFD.
Invalid UTF-8 byte or sequence at line 2762 replaced by U+FFFD.
Invalid UTF-8 byte or sequence at line 2768 replaced by U+FFFD.
Invalid UTF-8 byte or sequence at line 2768 replaced by U+FFFD.
Invalid UTF-8 byte or sequence at line 2769 replaced by U+FFFD.
Invalid UTF-8 byte or sequence at line 2848 replaced by U+FFFD.
Invalid UTF-8 byte or sequence at line 2857 replaced by U+FFFD.
Invalid UTF-8 byte or sequence at line 2877 replaced by U+FFFD.
Invalid UTF-8 byte or sequence at line 2881 replaced by U+FFFD.
Invalid UTF-8 byte or sequence at line 2881 replaced by U+FFFD.
Invalid UTF-8 byte or sequence at line 2908 replaced by U+FFFD.
Invalid UTF-8 byte or sequence at line 2908 replaced by U+FFFD.
Invalid UTF-8 byte or sequence at line 2926 replaced by U+FFFD.
Invalid UTF-8 byte or sequence at line 2943 replaced by U+FFFD.
Invalid UTF-8 byte or sequence at line 2947 replaced by U+FFFD.
Invalid UTF-8 byte or sequence at line 2947 replaced by U+FFFD.
Invalid UTF-8 byte or sequence at line 2974 replaced by U+FFFD.
Invalid UTF-8 byte or sequence at line 2974 replaced by U+FFFD.
Invalid UTF-8 byte or sequence at line 3065 replaced by U+FFFD.
Invalid UTF-8 byte or sequence at line 3461 replaced by U+FFFD.
Invalid UTF-8 byte or sequence at line 3463 replaced by U+FFFD.
Invalid UTF-8 byte or sequence at line 3464 replaced by U+FFFD.
Invalid UTF-8 byte or sequence at line 3465 replaced by U+FFFD.
Invalid UTF-8 byte or sequence at line 3465 replaced by U+FFFD.
Invalid UTF-8 byte or sequence at line 3467 replaced by U+FFFD.
Invalid UTF-8 byte or sequence at line 3468 replaced by U+FFFD.
Invalid UTF-8 byte or sequence at line 3473 replaced by U+FFFD.
Invalid UTF-8 byte or sequence at line 3474 replaced by U+FFFD.
Invalid UTF-8 byte or sequence at line 3475 replaced by U+FFFD.
Invalid UTF-8 byte or sequence at line 3476 replaced by U+FFFD.
Invalid UTF-8 byte or sequence at line 3477 replaced by U+FFFD.
Invalid UTF-8 byte or sequence at line 3477 replaced by U+FFFD.
Invalid UTF-8 byte or sequence at line 3690 replaced by U+FFFD.
Invalid UTF-8 byte or sequence at line 3690 replaced by U+FFFD.
Invalid UTF-8 byte or sequence at line 3700 replaced by U+FFFD.
Invalid UTF-8 byte or sequence at line 3700 replaced by U+FFFD.
Invalid UTF-8 byte or sequence at line 3706 replaced by U+FFFD.
Invalid UTF-8 byte or sequence at line 4048 replaced by U+FFFD.
Invalid UTF-8 byte or sequence at line 4055 replaced by U+FFFD.
Invalid UTF-8 byte or sequence at line 4055 replaced by U+FFFD.
Invalid UTF-8 byte or sequence at line 4055 replaced by U+FFFD.
Invalid UTF-8 byte or sequence at line 4055 replaced by U+FFFD.
Invalid UTF-8 byte or sequence at line 4055 replaced by U+FFFD.
Invalid UTF-8 byte or sequence at line 4055 replaced by U+FFFD.
Invalid UTF-8 byte or sequence at line 4056 replaced by U+FFFD.
Invalid UTF-8 byte or sequence at line 4057 replaced by U+FFFD.
Invalid UTF-8 byte or sequence at line 4060 replaced by U+FFFD.
Invalid UTF-8 byte or sequence at line 4060 replaced by U+FFFD.
Invalid UTF-8 byte or sequence at line 4061 replaced by U+FFFD.
Invalid UTF-8 byte or sequence at line 4062 replaced by U+FFFD.
Invalid UTF-8 byte or sequence at line 4062 replaced by U+FFFD.
Invalid UTF-8 byte or sequence at line 4062 replaced by U+FFFD.
Invalid UTF-8 byte or sequence at line 4062 replaced by U+FFFD.
Invalid UTF-8 byte or sequence at line 4062 replaced by U+FFFD.
Invalid UTF-8 byte or sequence at line 4062 replaced by U+FFFD.
Invalid UTF-8 byte or sequence at line 4062 replaced by U+FFFD.
Invalid UTF-8 byte or sequence at line 4062 replaced by U+FFFD.
Invalid UTF-8 byte or sequence at line 4062 replaced by U+FFFD.
\c@footnote@add=\count273
\c@footnote@ch=\count274
Invalid UTF-8 byte or sequence at line 4281 replaced by U+FFFD.
Invalid UTF-8 byte or sequence at line 4281 replaced by U+FFFD.
Invalid UTF-8 byte or sequence at line 4281 replaced by U+FFFD.
Invalid UTF-8 byte or sequence at line 4281 replaced by U+FFFD.
Invalid UTF-8 byte or sequence at line 4281 replaced by U+FFFD.
Invalid UTF-8 byte or sequence at line 5445 replaced by U+FFFD.
Invalid UTF-8 byte or sequence at line 5625 replaced by U+FFFD.
Invalid UTF-8 byte or sequence at line 5625 replaced by U+FFFD.
Invalid UTF-8 byte or sequence at line 5625 replaced by U+FFFD.
Invalid UTF-8 byte or sequence at line 5625 replaced by U+FFFD.
Invalid UTF-8 byte or sequence at line 5625 replaced by U+FFFD.
Invalid UTF-8 byte or sequence at line 5645 replaced by U+FFFD.
Invalid UTF-8 byte or sequence at line 5645 replaced by U+FFFD.
Invalid UTF-8 byte or sequence at line 5647 replaced by U+FFFD.
Invalid UTF-8 byte or sequence at line 5647 replaced by U+FFFD.
Invalid UTF-8 byte or sequence at line 5647 replaced by U+FFFD.
Invalid UTF-8 byte or sequence at line 5647 replaced by U+FFFD.
Invalid UTF-8 byte or sequence at line 5647 replaced by U+FFFD.
Invalid UTF-8 byte or sequence at line 5654 replaced by U+FFFD.
Invalid UTF-8 byte or sequence at line 5654 replaced by U+FFFD.
Invalid UTF-8 byte or sequence at line 5657 replaced by U+FFFD.
Invalid UTF-8 byte or sequence at line 5696 replaced by U+FFFD.
Invalid UTF-8 byte or sequence at line 5696 replaced by U+FFFD.
Invalid UTF-8 byte or sequence at line 5696 replaced by U+FFFD.
Invalid UTF-8 byte or sequence at line 5716 replaced by U+FFFD.
Invalid UTF-8 byte or sequence at line 5716 replaced by U+FFFD.
Invalid UTF-8 byte or sequence at line 5716 replaced by U+FFFD.
Invalid UTF-8 byte or sequence at line 5716 replaced by U+FFFD.
Invalid UTF-8 byte or sequence at line 5716 replaced by U+FFFD.
Invalid UTF-8 byte or sequence at line 5716 replaced by U+FFFD.
Invalid UTF-8 byte or sequence at line 5717 replaced by U+FFFD.
Invalid UTF-8 byte or sequence at line 5717 replaced by U+FFFD.
Invalid UTF-8 byte or sequence at line 5717 replaced by U+FFFD.
Invalid UTF-8 byte or sequence at line 5717 replaced by U+FFFD.
Invalid UTF-8 byte or sequence at line 5717 replaced by U+FFFD.
Invalid UTF-8 byte or sequence at line 5717 replaced by U+FFFD.
Invalid UTF-8 byte or sequence at line 5735 replaced by U+FFFD.
Invalid UTF-8 byte or sequence at line 5735 replaced by U+FFFD.
Invalid UTF-8 byte or sequence at line 5737 replaced by U+FFFD.
Invalid UTF-8 byte or sequence at line 5737 replaced by U+FFFD.
Invalid UTF-8 byte or sequence at line 5737 replaced by U+FFFD.
Invalid UTF-8 byte or sequence at line 5737 replaced by U+FFFD.
Invalid UTF-8 byte or sequence at line 5737 replaced by U+FFFD.
Invalid UTF-8 byte or sequence at line 5738 replaced by U+FFFD.
Invalid UTF-8 byte or sequence at line 5738 replaced by U+FFFD.
Invalid UTF-8 byte or sequence at line 5738 replaced by U+FFFD.
Invalid UTF-8 byte or sequence at line 5738 replaced by U+FFFD.
Invalid UTF-8 byte or sequence at line 5738 replaced by U+FFFD.
Invalid UTF-8 byte or sequence at line 5738 replaced by U+FFFD.
Invalid UTF-8 byte or sequence at line 5738 replaced by U+FFFD.
Invalid UTF-8 byte or sequence at line 5765 replaced by U+FFFD.
Invalid UTF-8 byte or sequence at line 5765 replaced by U+FFFD.
Invalid UTF-8 byte or sequence at line 5765 replaced by U+FFFD.
Invalid UTF-8 byte or sequence at line 5765 replaced by U+FFFD.
Invalid UTF-8 byte or sequence at line 5765 replaced by U+FFFD.
Invalid UTF-8 byte or sequence at line 5765 replaced by U+FFFD.
Invalid UTF-8 byte or sequence at line 5767 replaced by U+FFFD.
Invalid UTF-8 byte or sequence at line 5769 replaced by U+FFFD.
Invalid UTF-8 byte or sequence at line 5769 replaced by U+FFFD.
Invalid UTF-8 byte or sequence at line 5773 replaced by U+FFFD.
Invalid UTF-8 byte or sequence at line 5773 replaced by U+FFFD.
Invalid UTF-8 byte or sequence at line 5775 replaced by U+FFFD.
Invalid UTF-8 byte or sequence at line 5775 replaced by U+FFFD.
Invalid UTF-8 byte or sequence at line 5787 replaced by U+FFFD.
Invalid UTF-8 byte or sequence at line 5792 replaced by U+FFFD.
Invalid UTF-8 byte or sequence at line 5797 replaced by U+FFFD.
))
(C:\Users\zalavari\AppData\Local\Programs\MiKTeX\tex/latex/amsfonts\amsfonts.st
y
Package: amsfonts 2013/01/14 v3.01 Basic AMSFonts support
\@emptytoks=\toks16
\symAMSa=\mathgroup4
\symAMSb=\mathgroup5
LaTeX Font Info:    Redeclaring math symbol \hbar on input line 98.
LaTeX Font Info:    Overwriting math alphabet `\mathfrak' in version `bold'
(Font)                  U/euf/m/n --> U/euf/b/n on input line 106.
)
(C:\Users\zalavari\AppData\Local\Programs\MiKTeX\tex/latex/amsmath\amsmath.sty
Package: amsmath 2021/04/20 v2.17j AMS math features
\@mathmargin=\skip49

For additional information on amsmath, use the `?' option.
(C:\Users\zalavari\AppData\Local\Programs\MiKTeX\tex/latex/amsmath\amstext.sty
Package: amstext 2000/06/29 v2.01 AMS text

(C:\Users\zalavari\AppData\Local\Programs\MiKTeX\tex/latex/amsmath\amsgen.sty
File: amsgen.sty 1999/11/30 v2.0 generic functions
\@emptytoks=\toks17
\ex@=\dimen143
)) (C:\Users\zalavari\AppData\Local\Programs\MiKTeX\tex/latex/amsmath\amsbsy.st
y
Package: amsbsy 1999/11/29 v1.2d Bold Symbols
\pmbraise@=\dimen144
) (C:\Users\zalavari\AppData\Local\Programs\MiKTeX\tex/latex/amsmath\amsopn.sty
Package: amsopn 2016/03/08 v2.02 operator names
)
\inf@bad=\count275
LaTeX Info: Redefining \frac on input line 234.
\uproot@=\count276
\leftroot@=\count277
LaTeX Info: Redefining \overline on input line 399.
\classnum@=\count278
\DOTSCASE@=\count279
LaTeX Info: Redefining \ldots on input line 496.
LaTeX Info: Redefining \dots on input line 499.
LaTeX Info: Redefining \cdots on input line 620.
\Mathstrutbox@=\box51
\strutbox@=\box52
\big@size=\dimen145
LaTeX Font Info:    Redeclaring font encoding OML on input line 743.
LaTeX Font Info:    Redeclaring font encoding OMS on input line 744.
\macc@depth=\count280
\c@MaxMatrixCols=\count281
\dotsspace@=\muskip16
\c@parentequation=\count282
\dspbrk@lvl=\count283
\tag@help=\toks18
\row@=\count284
\column@=\count285
\maxfields@=\count286
\andhelp@=\toks19
\eqnshift@=\dimen146
\alignsep@=\dimen147
\tagshift@=\dimen148
\tagwidth@=\dimen149
\totwidth@=\dimen150
\lineht@=\dimen151
\@envbody=\toks20
\multlinegap=\skip50
\multlinetaggap=\skip51
\mathdisplay@stack=\toks21
LaTeX Info: Redefining \[ on input line 2923.
LaTeX Info: Redefining \] on input line 2924.
)
(C:\Users\zalavari\AppData\Local\Programs\MiKTeX\tex/latex/amsfonts\amssymb.sty
Package: amssymb 2013/01/14 v3.01 AMS font symbols
)
(C:\Users\zalavari\AppData\Local\Programs\MiKTeX\tex/latex/booktabs\booktabs.st
y
Package: booktabs 2020/01/12 v1.61803398 Publication quality tables
\heavyrulewidth=\dimen152
\lightrulewidth=\dimen153
\cmidrulewidth=\dimen154
\belowrulesep=\dimen155
\belowbottomsep=\dimen156
\aboverulesep=\dimen157
\abovetopsep=\dimen158
\cmidrulesep=\dimen159
\cmidrulekern=\dimen160
\defaultaddspace=\dimen161
\@cmidla=\count287
\@cmidlb=\count288
\@aboverulesep=\dimen162
\@belowrulesep=\dimen163
\@thisruleclass=\count289
\@lastruleclass=\count290
\@thisrulewidth=\dimen164
)
(C:\Users\zalavari\AppData\Local\Programs\MiKTeX\tex/latex/graphics\graphicx.st
y
Package: graphicx 2020/12/05 v1.2c Enhanced LaTeX Graphics (DPC,SPQR)

(C:\Users\zalavari\AppData\Local\Programs\MiKTeX\tex/latex/graphics\keyval.sty
Package: keyval 2014/10/28 v1.15 key=value parser (DPC)
\KV@toks@=\toks22
)
(C:\Users\zalavari\AppData\Local\Programs\MiKTeX\tex/latex/graphics\graphics.st
y
Package: graphics 2021/03/04 v1.4d Standard LaTeX Graphics (DPC,SPQR)
 (C:\Users\zalavari\AppData\Local\Programs\MiKTeX\tex/latex/graphics\trig.sty
Package: trig 2016/01/03 v1.10 sin cos tan (DPC)
)
(C:\Users\zalavari\AppData\Local\Programs\MiKTeX\tex/latex/graphics-cfg\graphic
s.cfg
File: graphics.cfg 2016/06/04 v1.11 sample graphics configuration
)
Package graphics Info: Driver file: xetex.def on input line 107.

(C:\Users\zalavari\AppData\Local\Programs\MiKTeX\tex/latex/graphics-def\xetex.d
ef
File: xetex.def 2021/03/18 v5.0k Graphics/color driver for xetex
))
\Gin@req@height=\dimen165
\Gin@req@width=\dimen166
)
(C:\Users\zalavari\AppData\Local\Programs\MiKTeX\tex/latex/anysize\anysize.sty
Package: anysize 1994/08/13 setting margin sizes

document style option `anysize' loaded
Michael Salzenberg, Thomas Esser, Dirk Hillbrecht
Version 1.0, Aug 13, 1994
\@Leftmargin=\dimen167
\@Rightmargin=\dimen168
\@Topmargin=\dimen169
\@Bottommargin=\dimen170
)
(C:\Users\zalavari\AppData\Local\Programs\MiKTeX\tex/latex/setspace\setspace.st
y
Package: setspace 2011/12/19 v6.7a set line spacing
)
(C:\Users\zalavari\AppData\Local\Programs\MiKTeX\tex/latex/hyperref\hyperref.st
y
Package: hyperref 2021-06-05 v7.00l Hypertext links for LaTeX

(C:\Users\zalavari\AppData\Local\Programs\MiKTeX\tex/generic/ltxcmds\ltxcmds.st
y
Package: ltxcmds 2020-05-10 v1.25 LaTeX kernel commands for general use (HO)
)
(C:\Users\zalavari\AppData\Local\Programs\MiKTeX\tex/generic/pdftexcmds\pdftexc
mds.sty
Package: pdftexcmds 2020-06-27 v0.33 Utility functions of pdfTeX for LuaTeX (HO
)

(C:\Users\zalavari\AppData\Local\Programs\MiKTeX\tex/generic/infwarerr\infwarer
r.sty
Package: infwarerr 2019/12/03 v1.5 Providing info/warning/error messages (HO)
)
Package pdftexcmds Info: \pdf@primitive is available.
Package pdftexcmds Info: \pdf@ifprimitive is available.
Package pdftexcmds Info: \pdfdraftmode not found.
)
(C:\Users\zalavari\AppData\Local\Programs\MiKTeX\tex/generic/kvsetkeys\kvsetkey
s.sty
Package: kvsetkeys 2019/12/15 v1.18 Key value parser (HO)
)
(C:\Users\zalavari\AppData\Local\Programs\MiKTeX\tex/generic/kvdefinekeys\kvdef
inekeys.sty
Package: kvdefinekeys 2019-12-19 v1.6 Define keys (HO)
)
(C:\Users\zalavari\AppData\Local\Programs\MiKTeX\tex/generic/pdfescape\pdfescap
e.sty
Package: pdfescape 2019/12/09 v1.15 Implements pdfTeX's escape features (HO)
)
(C:\Users\zalavari\AppData\Local\Programs\MiKTeX\tex/latex/hycolor\hycolor.sty
Package: hycolor 2020-01-27 v1.10 Color options for hyperref/bookmark (HO)
)
(C:\Users\zalavari\AppData\Local\Programs\MiKTeX\tex/latex/letltxmacro\letltxma
cro.sty
Package: letltxmacro 2019/12/03 v1.6 Let assignment for LaTeX macros (HO)
)
(C:\Users\zalavari\AppData\Local\Programs\MiKTeX\tex/latex/auxhook\auxhook.sty
Package: auxhook 2019-12-17 v1.6 Hooks for auxiliary files (HO)
)
(C:\Users\zalavari\AppData\Local\Programs\MiKTeX\tex/latex/kvoptions\kvoptions.
sty
Package: kvoptions 2020-10-07 v3.14 Key value format for package options (HO)
)
\@linkdim=\dimen171
\Hy@linkcounter=\count291
\Hy@pagecounter=\count292

(C:\Users\zalavari\AppData\Local\Programs\MiKTeX\tex/latex/hyperref\pd1enc.def
File: pd1enc.def 2021-06-05 v7.00l Hyperref: PDFDocEncoding definition (HO)
)
(C:\Users\zalavari\AppData\Local\Programs\MiKTeX\tex/latex/hyperref\hyperref-la
ngpatches.def
File: hyperref-langpatches.def 2021-06-05 v7.00l Hyperref: patches for babel la
nguages
)
(C:\Users\zalavari\AppData\Local\Programs\MiKTeX\tex/generic/intcalc\intcalc.st
y
Package: intcalc 2019/12/15 v1.3 Expandable calculations with integers (HO)
)
(C:\Users\zalavari\AppData\Local\Programs\MiKTeX\tex/generic/etexcmds\etexcmds.
sty
Package: etexcmds 2019/12/15 v1.7 Avoid name clashes with e-TeX commands (HO)
)
\Hy@SavedSpaceFactor=\count293

(C:\Users\zalavari\AppData\Local\Programs\MiKTeX\tex/latex/hyperref\puenc.def
File: puenc.def 2021-06-05 v7.00l Hyperref: PDF Unicode definition (HO)
)
Package hyperref Info: Option `unicode' set `true' on input line 4073.
Package hyperref Info: Hyper figures OFF on input line 4192.
Package hyperref Info: Link nesting OFF on input line 4197.
Package hyperref Info: Hyper index ON on input line 4200.
Package hyperref Info: Plain pages OFF on input line 4207.
Package hyperref Info: Backreferencing OFF on input line 4212.
Package hyperref Info: Implicit mode ON; LaTeX internals redefined.
Package hyperref Info: Bookmarks ON on input line 4445.
\c@Hy@tempcnt=\count294

(C:\Users\zalavari\AppData\Local\Programs\MiKTeX\tex/latex/url\url.sty
\Urlmuskip=\muskip17
Package: url 2013/09/16  ver 3.4  Verb mode for urls, etc.
)
LaTeX Info: Redefining \url on input line 4804.
\XeTeXLinkMargin=\dimen172

(C:\Users\zalavari\AppData\Local\Programs\MiKTeX\tex/generic/bitset\bitset.sty
Package: bitset 2019/12/09 v1.3 Handle bit-vector datatype (HO)

(C:\Users\zalavari\AppData\Local\Programs\MiKTeX\tex/generic/bigintcalc\bigintc
alc.sty
Package: bigintcalc 2019/12/15 v1.5 Expandable calculations on big integers (HO
)
))
\Fld@menulength=\count295
\Field@Width=\dimen173
\Fld@charsize=\dimen174
Package hyperref Info: Hyper figures OFF on input line 6076.
Package hyperref Info: Link nesting OFF on input line 6081.
Package hyperref Info: Hyper index ON on input line 6084.
Package hyperref Info: backreferencing OFF on input line 6091.
Package hyperref Info: Link coloring OFF on input line 6096.
Package hyperref Info: Link coloring with OCG OFF on input line 6101.
Package hyperref Info: PDF/A mode OFF on input line 6106.
LaTeX Info: Redefining \ref on input line 6146.
LaTeX Info: Redefining \pageref on input line 6150.

(C:\Users\zalavari\AppData\Local\Programs\MiKTeX\tex/latex/base\atbegshi-ltx.st
y
Package: atbegshi-ltx 2021/01/10 v1.0c Emulation of the original atbegshi
package with kernel methods
)
\Hy@abspage=\count296
\c@Item=\count297
\c@Hfootnote=\count298
)
Package hyperref Info: Driver (autodetected): hxetex.

(C:\Users\zalavari\AppData\Local\Programs\MiKTeX\tex/latex/hyperref\hxetex.def
File: hxetex.def 2021-06-05 v7.00l Hyperref driver for XeTeX

(C:\Users\zalavari\AppData\Local\Programs\MiKTeX\tex/generic/stringenc\stringen
c.sty
Package: stringenc 2019/11/29 v1.12 Convert strings between diff. encodings (HO
)
)
\pdfm@box=\box53
\c@Hy@AnnotLevel=\count299
\HyField@AnnotCount=\count300
\Fld@listcount=\count301
\c@bookmark@seq@number=\count302

(C:\Users\zalavari\AppData\Local\Programs\MiKTeX\tex/latex/rerunfilecheck\rerun
filecheck.sty
Package: rerunfilecheck 2019/12/05 v1.9 Rerun checks for auxiliary files (HO)

(C:\Users\zalavari\AppData\Local\Programs\MiKTeX\tex/latex/base\atveryend-ltx.s
ty
Package: atveryend-ltx 2020/08/19 v1.0a Emulation of the original atvery packag
e
with kernel methods
)
(C:\Users\zalavari\AppData\Local\Programs\MiKTeX\tex/generic/uniquecounter\uniq
uecounter.sty
Package: uniquecounter 2019/12/15 v1.4 Provide unlimited unique counter (HO)
)
Package uniquecounter Info: New unique counter `rerunfilecheck' on input line 2
86.
)
\Hy@SectionHShift=\skip52
)
(C:\Users\zalavari\AppData\Local\Programs\MiKTeX\tex/latex/xcolor\xcolor.sty
Package: xcolor 2016/05/11 v2.12 LaTeX color extensions (UK)

(C:\Users\zalavari\AppData\Local\Programs\MiKTeX\tex/latex/graphics-cfg\color.c
fg
File: color.cfg 2016/01/02 v1.6 sample color configuration
)
Package xcolor Info: Driver file: xetex.def on input line 225.
Package xcolor Info: Model `cmy' substituted by `cmy0' on input line 1348.
Package xcolor Info: Model `RGB' extended on input line 1364.
Package xcolor Info: Model `HTML' substituted by `rgb' on input line 1366.
Package xcolor Info: Model `Hsb' substituted by `hsb' on input line 1367.
Package xcolor Info: Model `tHsb' substituted by `hsb' on input line 1368.
Package xcolor Info: Model `HSB' substituted by `hsb' on input line 1369.
Package xcolor Info: Model `Gray' substituted by `gray' on input line 1370.
Package xcolor Info: Model `wave' substituted by `hsb' on input line 1371.
)
(C:\Users\zalavari\AppData\Local\Programs\MiKTeX\tex/latex/listings\listings.st
y
\lst@mode=\count303
\lst@gtempboxa=\box54
\lst@token=\toks23
\lst@length=\count304
\lst@currlwidth=\dimen175
\lst@column=\count305
\lst@pos=\count306
\lst@lostspace=\dimen176
\lst@width=\dimen177
\lst@newlines=\count307
\lst@lineno=\count308
\lst@maxwidth=\dimen178

(C:\Users\zalavari\AppData\Local\Programs\MiKTeX\tex/latex/listings\lstmisc.sty
File: lstmisc.sty 2020/03/24 1.8d (Carsten Heinz)
\c@lstnumber=\count309
\lst@skipnumbers=\count310
\lst@framebox=\box55
)
(C:\Users\zalavari\AppData\Local\Programs\MiKTeX\tex/latex/listings\listings.cf
g
File: listings.cfg 2020/03/24 1.8d listings configuration
))
Package: listings 2020/03/24 1.8d (Carsten Heinz)

(C:\Users\zalavari\AppData\Local\Programs\MiKTeX\tex/latex/ntheorem\ntheorem.st
y
Style `ntheorem', Version 1.33 <2011/08/15>
Package: ntheorem 2011/08/15 1.33
(C:\Users\zalavari\AppData\Local\Programs\MiKTeX\tex/latex/base\ifthen.sty
Package: ifthen 2020/11/24 v1.1c Standard LaTeX ifthen package (DPC)
)
\theorem@style=\toks24
\theorem@@style=\toks25
\theorembodyfont=\toks26
\theoremnumbering=\toks27
\theorempreskipamount=\skip53
\theorempostskipamount=\skip54
\theoremframepreskipamount=\skip55
\theoremframepostskipamount=\skip56
\theoreminframepreskipamount=\skip57
\theoreminframepostskipamount=\skip58
\theorem@preskip=\toks28
\theorem@postskip=\toks29
\theorem@framepreskip=\toks30
\theorem@framepostskip=\toks31
\theorem@inframepreskip=\toks32
\theorem@inframepostskip=\toks33
\theoremindent=\dimen179
\theorem@indent=\dimen180
\theoremrightindent=\dimen181
\theorem@rightindent=\dimen182
\theoremheaderfont=\toks34
\theoremseparator=\toks35
\theoremprework=\toks36
\theorempostwork=\toks37
\theoremsymbol=\toks38
\qedsymbol=\toks39
\theoremkeyword=\toks40
\qedsymbol=\toks41
\thm@topsep=\skip59
\thm@topsepadd=\skip60
Package ntheorem Info: Option `thmmarks' loaded on input line 1175.
\c@endNonectr=\count311
\c@currNonectr=\count312
\mysavskip=\skip61
Package ntheorem Info: option `amsmath' handling for `thmmarks' loaded on input
 line 1175.
\thm@amstmpdepth=\dimen183
\tagwidth=\dimen184
)
(C:\Users\zalavari\AppData\Local\Programs\MiKTeX\tex/latex/caption\caption.sty
Package: caption 2020/10/26 v3.5g Customizing captions (AR)

(C:\Users\zalavari\AppData\Local\Programs\MiKTeX\tex/latex/caption\caption3.sty
Package: caption3 2020/10/21 v2.2e caption3 kernel (AR)
\captionmargin=\dimen185
\captionmargin@=\dimen186
\captionwidth=\dimen187
\caption@tempdima=\dimen188
\caption@indent=\dimen189
\caption@parindent=\dimen190
\caption@hangindent=\dimen191
Package caption Info: Standard document class detected.
Package caption Info: hungarian babel package is loaded.
)
\c@caption@flags=\count313
\c@continuedfloat=\count314
Package caption Info: hungarian babel package is loaded.
Package caption Info: hyperref package is loaded.
Package caption Info: listings package is loaded.
) (C:\Users\zalavari\AppData\Local\Programs\MiKTeX\tex/latex/natbib\natbib.sty
Package: natbib 2010/09/13 8.31b (PWD, AO)
\bibhang=\skip62
\bibsep=\skip63
LaTeX Info: Redefining \cite on input line 694.
\c@NAT@ctr=\count315
)) (C:\Users\zalavari\AppData\Local\Programs\MiKTeX\tex/latex/tools\xspace.sty
Package: xspace 2014/10/28 v1.13 Space after command names (DPC,MH)
) (include/tdk-variables.tex) (include/thesis-hu.tex) (include/preamble.tex
Package hyperref Info: Option `unicode' set `true' on input line 39.
Package hyperref Info: Option `pdfnewwindow' set `true' on input line 39.
Package hyperref Info: Option `colorlinks' set `true' on input line 39.
\c@currexamplectr=\count316
\c@endexamplectr=\count317
\c@example=\count318
\c@currdefinitionctr=\count319
\c@enddefinitionctr=\count320
\c@definition=\count321
\c@currallitasctr=\count322
\c@endallitasctr=\count323
\c@allitas=\count324
\c@currtheoremctr=\count325
\c@endtheoremctr=\count326
\c@theorem=\count327
)
(thesis.aux (include/titlepage.aux) (include/declaration.aux)
(content/abstract.aux) (content/introduction.aux) (content/optimalization.aux)
(content/cuts.aux) (content/cutsinpractice.aux) (content/summary.aux))
\openout1 = `thesis.aux'.

LaTeX Font Info:    Checking defaults for OML/cmm/m/it on input line 48.
LaTeX Font Info:    ... okay on input line 48.
LaTeX Font Info:    Checking defaults for OMS/cmsy/m/n on input line 48.
LaTeX Font Info:    ... okay on input line 48.
LaTeX Font Info:    Checking defaults for OT1/cmr/m/n on input line 48.
LaTeX Font Info:    ... okay on input line 48.
LaTeX Font Info:    Checking defaults for T1/cmr/m/n on input line 48.
LaTeX Font Info:    ... okay on input line 48.
LaTeX Font Info:    Checking defaults for TS1/cmr/m/n on input line 48.
LaTeX Font Info:    Trying to load font information for TS1+cmr on input line 4
8.

(C:\Users\zalavari\AppData\Local\Programs\MiKTeX\tex/latex/base\ts1cmr.fd
File: ts1cmr.fd 2019/12/16 v2.5j Standard LaTeX font definitions
)
LaTeX Font Info:    ... okay on input line 48.
LaTeX Font Info:    Checking defaults for TU/lmr/m/n on input line 48.
LaTeX Font Info:    ... okay on input line 48.
LaTeX Font Info:    Checking defaults for OMX/cmex/m/n on input line 48.
LaTeX Font Info:    ... okay on input line 48.
LaTeX Font Info:    Checking defaults for U/cmr/m/n on input line 48.
LaTeX Font Info:    ... okay on input line 48.
LaTeX Font Info:    Checking defaults for PD1/pdf/m/n on input line 48.
LaTeX Font Info:    ... okay on input line 48.
LaTeX Font Info:    Checking defaults for PU/pdf/m/n on input line 48.
LaTeX Font Info:    ... okay on input line 48.

Package fontspec Info: Adjusting the maths setup (use [no-math] to avoid
(fontspec)             this).

\symlegacymaths=\mathgroup6
LaTeX Font Info:    Overwriting symbol font `legacymaths' in version `bold'
(Font)                  OT1/cmr/m/n --> OT1/cmr/bx/n on input line 48.
LaTeX Font Info:    Redeclaring math accent \acute on input line 48.
LaTeX Font Info:    Redeclaring math accent \grave on input line 48.
LaTeX Font Info:    Redeclaring math accent \ddot on input line 48.
LaTeX Font Info:    Redeclaring math accent \tilde on input line 48.
LaTeX Font Info:    Redeclaring math accent \bar on input line 48.
LaTeX Font Info:    Redeclaring math accent \breve on input line 48.
LaTeX Font Info:    Redeclaring math accent \check on input line 48.
LaTeX Font Info:    Redeclaring math accent \hat on input line 48.
LaTeX Font Info:    Redeclaring math accent \dot on input line 48.
LaTeX Font Info:    Redeclaring math accent \mathring on input line 48.
LaTeX Font Info:    Redeclaring math symbol \Gamma on input line 48.
LaTeX Font Info:    Redeclaring math symbol \Delta on input line 48.
LaTeX Font Info:    Redeclaring math symbol \Theta on input line 48.
LaTeX Font Info:    Redeclaring math symbol \Lambda on input line 48.
LaTeX Font Info:    Redeclaring math symbol \Xi on input line 48.
LaTeX Font Info:    Redeclaring math symbol \Pi on input line 48.
LaTeX Font Info:    Redeclaring math symbol \Sigma on input line 48.
LaTeX Font Info:    Redeclaring math symbol \Upsilon on input line 48.
LaTeX Font Info:    Redeclaring math symbol \Phi on input line 48.
LaTeX Font Info:    Redeclaring math symbol \Psi on input line 48.
LaTeX Font Info:    Redeclaring math symbol \Omega on input line 48.
LaTeX Font Info:    Redeclaring math symbol \mathdollar on input line 48.
LaTeX Font Info:    Redeclaring symbol font `operators' on input line 48.
LaTeX Font Info:    Encoding `OT1' has changed to `TU' for symbol font
(Font)              `operators' in the math version `normal' on input line 48.
LaTeX Font Info:    Overwriting symbol font `operators' in version `normal'
(Font)                  OT1/cmr/m/n --> TU/lmr/m/n on input line 48.
LaTeX Font Info:    Encoding `OT1' has changed to `TU' for symbol font
(Font)              `operators' in the math version `bold' on input line 48.
LaTeX Font Info:    Overwriting symbol font `operators' in version `bold'
(Font)                  OT1/cmr/bx/n --> TU/lmr/m/n on input line 48.
LaTeX Font Info:    Overwriting symbol font `operators' in version `normal'
(Font)                  TU/lmr/m/n --> TU/lmr/m/n on input line 48.
LaTeX Font Info:    Overwriting math alphabet `\mathit' in version `normal'
(Font)                  OT1/cmr/m/it --> TU/lmr/m/it on input line 48.
LaTeX Font Info:    Overwriting math alphabet `\mathbf' in version `normal'
(Font)                  OT1/cmr/bx/n --> TU/lmr/b/n on input line 48.
LaTeX Font Info:    Overwriting math alphabet `\mathsf' in version `normal'
(Font)                  OT1/cmss/m/n --> TU/lmss/m/n on input line 48.
LaTeX Font Info:    Overwriting math alphabet `\mathtt' in version `normal'
(Font)                  OT1/cmtt/m/n --> TU/lmtt/m/n on input line 48.
LaTeX Font Info:    Overwriting symbol font `operators' in version `bold'
(Font)                  TU/lmr/m/n --> TU/lmr/b/n on input line 48.
LaTeX Font Info:    Overwriting math alphabet `\mathit' in version `bold'
(Font)                  OT1/cmr/bx/it --> TU/lmr/b/it on input line 48.
LaTeX Font Info:    Overwriting math alphabet `\mathsf' in version `bold'
(Font)                  OT1/cmss/bx/n --> TU/lmss/b/n on input line 48.
LaTeX Font Info:    Overwriting math alphabet `\mathtt' in version `bold'
(Font)                  OT1/cmtt/m/n --> TU/lmtt/b/n on input line 48.


LaTeX Warning: Please use \usepackage{t1enc} with
               \usepackage[magyar]{babel}, to get accented chars hyphenated.


LaTeX Warning: Please use \usepackage[latin2]{inputenc}
               or \usepackage[utf8]{inputenc}
               with \usepackage[magyar]{babel}.

Package hyperref Info: Link coloring ON on input line 48.

(C:\Users\zalavari\AppData\Local\Programs\MiKTeX\tex/latex/hyperref\nameref.sty
Package: nameref 2021-04-02 v2.47 Cross-referencing by name of section

(C:\Users\zalavari\AppData\Local\Programs\MiKTeX\tex/latex/refcount\refcount.st
y
Package: refcount 2019/12/15 v3.6 Data extraction from label references (HO)
)
(C:\Users\zalavari\AppData\Local\Programs\MiKTeX\tex/generic/gettitlestring\get
titlestring.sty
Package: gettitlestring 2019/12/15 v1.6 Cleanup title references (HO)
)
\c@section@level=\count328
)
LaTeX Info: Redefining \ref on input line 48.
LaTeX Info: Redefining \pageref on input line 48.
LaTeX Info: Redefining \nameref on input line 48.
 (thesis.out) (thesis.out)
\@outlinefile=\write3
\openout3 = `thesis.out'.

\c@lstlisting=\count329
Package caption Info: Begin \AtBeginDocument code.
Package caption Info: End \AtBeginDocument code.

(C:\Users\zalavari\AppData\Local\Programs\MiKTeX\tex/latex/base\report.cls
LaTeX Info: Redefining \cal on input line 577.
LaTeX Info: Redefining \mit on input line 578.
)
\openout2 = `include/titlepage.aux'.


(include/titlepage.tex
Package hyperref Info: Option `pageanchor' set `false' on input line 1.
File: figures/bme_logo.pdf Graphic file (type pdf)
<use figures/bme_logo.pdf>
LaTeX Font Info:    Trying to load font information for U+msa on input line 20.


(C:\Users\zalavari\AppData\Local\Programs\MiKTeX\tex/latex/amsfonts\umsa.fd
File: umsa.fd 2013/01/14 v3.01 AMS symbols A
)
LaTeX Font Info:    Trying to load font information for U+msb on input line 20.


(C:\Users\zalavari\AppData\Local\Programs\MiKTeX\tex/latex/amsfonts\umsb.fd
File: umsb.fd 2013/01/14 v3.01 AMS symbols B
)
[1



]
Package hyperref Info: Option `pageanchor' set `false' on input line 32.
) (thesis.toc [1



])
\tf@toc=\write4
\openout4 = `thesis.toc'.

 [2]
\openout2 = `include/declaration.aux'.

 (include/declaration.tex [1

])
\openout2 = `content/abstract.aux'.

 (content/abstract.tex
[1





]
\c@romanPage=\count330
) [2

]
\openout2 = `content/introduction.aux'.

 (content/introduction.tex
1. fejezet.
[3




]) [4]
\openout2 = `content/optimalization.aux'.

 (content/optimalization.tex
2. fejezet.
[5




]
Overfull \hbox (3.34789pt too wide) in paragraph at lines 56--62
[][] 
 []

[6]
Overfull \hbox (0.98674pt too wide) in paragraph at lines 97--101
[][] 
 []


Overfull \hbox (0.98674pt too wide) in paragraph at lines 126--129
[][] 
 []

[7]
Package hyperref Info: bookmark level for unknown definition defaults to 0 on i
nput line 150.
Package hyperref Info: bookmark level for unknown allitas defaults to 0 on inpu
t line 154.
 [8] [9] [10]
File: figures/embedding_3var4qubits.png Graphic file (type bmp)
<figures/embedding_3var4qubits.png>
) [11]
\openout2 = `content/cuts.aux'.

 (content/cuts.tex
3. fejezet.
[12




] [13] [14] [15] [16] [17] [18] [19] [20]
Underfull \hbox (badness 10000) in paragraph at lines 283--284
[]\TU/lmr/m/n/10.95 Azt
 []

[21]

Package hyperref Warning: Token not allowed in a PDF string (Unicode):
(hyperref)                removing `math shift' on input line 313.


Package hyperref Warning: Token not allowed in a PDF string (Unicode):
(hyperref)                removing `math shift' on input line 313.

[22]

Package hyperref Warning: Token not allowed in a PDF string (Unicode):
(hyperref)                removing `math shift' on input line 349.


Package hyperref Warning: Token not allowed in a PDF string (Unicode):
(hyperref)                removing `\neg' on input line 349.


Package hyperref Warning: Token not allowed in a PDF string (Unicode):
(hyperref)                removing `math shift' on input line 349.


Package hyperref Warning: Token not allowed in a PDF string (Unicode):
(hyperref)                removing `math shift' on input line 377.


Package hyperref Warning: Token not allowed in a PDF string (Unicode):
(hyperref)                removing `\wedge' on input line 377.


Package hyperref Warning: Token not allowed in a PDF string (Unicode):
(hyperref)                removing `math shift' on input line 377.

[23]

Package hyperref Warning: Token not allowed in a PDF string (Unicode):
(hyperref)                removing `math shift' on input line 415.


Package hyperref Warning: Token not allowed in a PDF string (Unicode):
(hyperref)                removing `\vee' on input line 415.


Package hyperref Warning: Token not allowed in a PDF string (Unicode):
(hyperref)                removing `math shift' on input line 415.


Package hyperref Warning: Token not allowed in a PDF string (Unicode):
(hyperref)                removing `math shift' on input line 453.


Package hyperref Warning: Token not allowed in a PDF string (Unicode):
(hyperref)                removing `\vee' on input line 453.


Package hyperref Warning: Token not allowed in a PDF string (Unicode):
(hyperref)                removing `\neg' on input line 453.


Package hyperref Warning: Token not allowed in a PDF string (Unicode):
(hyperref)                removing `math shift' on input line 453.

[24]

Package hyperref Warning: Token not allowed in a PDF string (Unicode):
(hyperref)                removing `math shift' on input line 489.


Package hyperref Warning: Token not allowed in a PDF string (Unicode):
(hyperref)                removing `\oplus' on input line 489.


Package hyperref Warning: Token not allowed in a PDF string (Unicode):
(hyperref)                removing `math shift' on input line 489.

Package hyperref Info: bookmark level for unknown theorem defaults to 0 on inpu
t line 495.
[25]

Package hyperref Warning: Token not allowed in a PDF string (Unicode):
(hyperref)                removing `math shift' on input line 578.


Package hyperref Warning: Token not allowed in a PDF string (Unicode):
(hyperref)                removing `\vee' on input line 578.


Package hyperref Warning: Token not allowed in a PDF string (Unicode):
(hyperref)                removing `\vee' on input line 578.


Package hyperref Warning: Token not allowed in a PDF string (Unicode):
(hyperref)                removing `math shift' on input line 578.

[26] [27]) [28]
\openout2 = `content/cutsinpractice.aux'.

 (content/cutsinpractice.tex
4. fejezet.
[29




] [30]
(C:\Users\zalavari\AppData\Local\Programs\MiKTeX\tex/latex/listings\lstlang1.st
y
File: lstlang1.sty 2020/03/24 1.8d listings language file
)
Package hyperref Info: bookmark level for unknown lstlisting defaults to 0 on i
nput line 48.
LaTeX Font Info:    Font shape `TU/lmtt/bx/n' in size <8> not available
(Font)              Font shape `TU/lmtt/b/n' tried instead on input line 49.
 [31] [32] [33]
File: figures/diagrams/maxCutQUBO.png Graphic file (type bmp)
<figures/diagrams/maxCutQUBO.png>
 [34] [35]
File: figures/diagrams/maxKCutQUBO_K2.png Graphic file (type bmp)
<figures/diagrams/maxKCutQUBO_K2.png>
 [36]
File: figures/diagrams/maxKCutQUBO_K4.png Graphic file (type bmp)
<figures/diagrams/maxKCutQUBO_K4.png>
 [37] [38]
File: figures/diagrams/maxKCutQUBO_K2approx.png Graphic file (type bmp)
<figures/diagrams/maxKCutQUBO_K2approx.png>
File: figures/diagrams/maxKCutQUBO_K4approx.png Graphic file (type bmp)
<figures/diagrams/maxKCutQUBO_K4approx.png>
 [39] [40] [41]
File: figures/diagrams/maxKCutQUBO_K2approx_bin.png Graphic file (type bmp)
<figures/diagrams/maxKCutQUBO_K2approx_bin.png>
File: figures/diagrams/maxKCutQUBO_K4approx_bin.png Graphic file (type bmp)
<figures/diagrams/maxKCutQUBO_K4approx_bin.png>
File: figures/diagrams/maxKCutQUBO_K2_bin.png Graphic file (type bmp)
<figures/diagrams/maxKCutQUBO_K2_bin.png>
File: figures/diagrams/maxKCutQUBO_K4_bin.png Graphic file (type bmp)
<figures/diagrams/maxKCutQUBO_K4_bin.png>
) [42] [43] [44]
[45]
\openout2 = `content/summary.aux'.

 (content/summary.tex
5. fejezet.
) [46




] (thesis.bbl
Underfull \hbox (badness 10000) in paragraph at lines 177--183
[]\TU/lmr/m/n/10.95 Gurobi Community: How to install academic license in google
 colab,
 []


Underfull \hbox (badness 10000) in paragraph at lines 177--183
\TU/lmr/m/n/10.95 2021. [] URL  [][]$[][][][][] [] [] [] [][][][][][][] [] [][]
[][][][] [] [][][] [] [][] [] [][][][][][] [] [][][][][][][][][] [] [][][][][] 
[]
 []

[47



]
Underfull \hbox (badness 1072) in paragraph at lines 204--213
[]\TU/lmr/m/n/10.95 Christopher Hojny[]Imke Joormann[]Hendrik Lüthen[]Martin Sc
hmidt: Mixed-
 []


Underfull \hbox (badness 6859) in paragraph at lines 262--268
[]\TU/lmr/m/n/10.95 Wikipedia: Maximum cut — Wikipedia, the free encyclopedia. 
[][]$[][][][] [] [] []
 []


Underfull \hbox (badness 6876) in paragraph at lines 270--277
[]\TU/lmr/m/n/10.95 Wikipedia: Very Large Scale Integration — Wikipedia, the fr
ee encyc-
 []


Underfull \hbox (badness 2103) in paragraph at lines 279--286
\TU/lmr/m/n/10.95 the free encyclopedia, 2021. [] URL  [][]$[][][][][] [] [] []
 [][] [] [][][][][][][][][] [] [][][] [] [] [] [][][][][] [] [][][] []
 []


Underfull \hbox (badness 10000) in paragraph at lines 279--286
[][][][][] [] [][][][][][][][][] [] [][][][][][][][][][][][][] [] [][][][][][] 
[] [][][][][][][][][][][][] [] [][][][][] [] [][][][][][][][][][]$[][]\TU/lmr/m
/n/10.95 .
 []

)
\tf@thm=\write5
\openout5 = `thesis.thm'.

 [48] (thesis.aux (include/titlepage.aux) (include/declaration.aux)
(content/abstract.aux) (content/introduction.aux) (content/optimalization.aux)
(content/cuts.aux) (content/cutsinpractice.aux) (content/summary.aux))
Package rerunfilecheck Info: File `thesis.out' has not changed.
(rerunfilecheck)             Checksum: 6FBD1598EBCD300F7D5E7405515FAFC6;7984.
 ) 
Here is how much of TeX's memory you used:
 17370 strings out of 411271
 312120 string characters out of 2828191
 1266399 words of memory out of 3000000
 37501 multiletter control sequences out of 15000+600000
 412389 words of font info for 88 fonts, out of 8000000 for 9000
 1352 hyphenation exceptions out of 8191
 78i,20n,84p,1363b,1862s stack positions out of 5000i,500n,10000p,200000b,80000s

Output written on thesis.pdf (52 pages).
